
Showing logs for build [32mcb-kubecd-environment-pr-153-5-mcgxd-1[0m stage [32mfrom-build-pack[0m and container [32mstep-credential-initializer-8x9f9[0m
{"level":"warn","ts":1579740094.8301015,"logger":"fallback-logger","caller":"logging/config.go:69","msg":"Fetch GitHub commit ID from kodata failed: \"ref: refs/heads/0.8.0-**-support-backwards-incompats\" is not a valid GitHub commit ID"}
{"level":"info","ts":1579740094.830779,"logger":"fallback-logger","caller":"creds-init/main.go:40","msg":"Credentials initialized."}

Showing logs for build [32mcb-kubecd-environment-pr-153-5-mcgxd-1[0m stage [32mfrom-build-pack[0m and container [32mstep-working-dir-initializer-txb99[0m
{"level":"warn","ts":1579740096.2410371,"logger":"fallback-logger","caller":"logging/config.go:69","msg":"Fetch GitHub commit ID from kodata failed: open /var/run/ko/HEAD: no such file or directory"}
{"level":"info","ts":1579740096.2427397,"logger":"fallback-logger","caller":"bash/main.go:64","msg":"Successfully executed command \"sh -c mkdir -p /workspace/source\"; output "}

Showing logs for build [32mcb-kubecd-environment-pr-153-5-mcgxd-1[0m stage [32mfrom-build-pack[0m and container [32mstep-place-tools[0m

Showing logs for build [32mcb-kubecd-environment-pr-153-5-mcgxd-1[0m stage [32mfrom-build-pack[0m and container [32mstep-git-source-cb-kubecd-environment-pr-153-5-q42t6[0m
{"level":"warn","ts":1579740100.361192,"logger":"fallback-logger","caller":"logging/config.go:69","msg":"Fetch GitHub commit ID from kodata failed: \"ref: refs/heads/0.8.0-**-support-backwards-incompats\" is not a valid GitHub commit ID"}
{"level":"info","ts":1579740101.4866004,"logger":"fallback-logger","caller":"git/git.go:103","msg":"Successfully cloned https://github.com/cb-kubecd/environment-pr-153-5-boot-gke-production.git @ master in path /workspace/source"}

Showing logs for build [32mcb-kubecd-environment-pr-153-5-mcgxd-1[0m stage [32mfrom-build-pack[0m and container [32mstep-git-merge[0m
Using SHAs from PULL_REFS=master:364e95a2e8eec99a6dfe3aa240b00080512c16d8,1:12900bb938d0b8b28cdc7c2299f23894e4c31703
DEBUG: ran git fetch --unshallow origin 12900bb938d0b8b28cdc7c2299f23894e4c31703: 364e95a2e8eec99a6dfe3aa240b00080512c16d8: in 
DEBUG: ran git checkout master in 
DEBUG: ran git reset --hard 364e95a2e8eec99a6dfe3aa240b00080512c16d8 in 
DEBUG: ran clean --force -d . in 
DEBUG: ran git merge 12900bb938d0b8b28cdc7c2299f23894e4c31703 in 
Merged SHA 12900bb938d0b8b28cdc7c2299f23894e4c31703 with commit message 'chore: Promote bdd-spring-1579739008 to version 0.0.1' into base branch master

Showing logs for build [32mcb-kubecd-environment-pr-153-5-mcgxd-1[0m stage [32mfrom-build-pack[0m and container [32mstep-build-helm-build[0m
WARNING: No $CHART_REPOSITORY defined so using the default value of: http://jenkins-x-chartmuseum:8080
Adding missing Helm repo: storage.googleapis.com https://storage.googleapis.com/chartmuseum.jenkins-x.io
WARNING: No secrets found on "helm/repos" due: reading the secret "helm/repos" from vault: no secret "helm/repos" not found in vault
Read credentials for https://storage.googleapis.com/chartmuseum.jenkins-x.io from vault helm/repos
Successfully added Helm repository storage.googleapis.com.
Adding missing Helm repo: jenkins-x-chartmuseum http://jenkins-x-chartmuseum:8080
WARNING: No secrets found on "helm/repos" due: reading the secret "helm/repos" from vault: no secret "helm/repos" not found in vault
Read credentials for http://jenkins-x-chartmuseum:8080 from vault helm/repos
Successfully added Helm repository jenkins-x-chartmuseum.
WARNING: No $CHART_REPOSITORY defined so using the default value of: http://jenkins-x-chartmuseum:8080
Adding missing Helm repo: chartmuseum.jenkins-x.io http://chartmuseum.jenkins-x.io
WARNING: No secrets found on "helm/repos" due: reading the secret "helm/repos" from vault: no secret "helm/repos" not found in vault
Read credentials for http://chartmuseum.jenkins-x.io from vault helm/repos
Successfully added Helm repository chartmuseum.jenkins-x.io.
